[INFO ] 2021-07-05 18:53:33.038 [TestNG-test=Chrome-1] Log - URL is opened
[INFO ] 2021-07-05 18:53:33.143 [TestNG-test=Chrome-1] Log - username name enteredmngr337052
[INFO ] 2021-07-05 18:53:33.202 [TestNG-test=Chrome-1] Log - password enteredsajYsys
[INFO ] 2021-07-05 18:53:33.252 [TestNG-test=Chrome-1] Log - Test Passed
[INFO ] 2021-07-05 18:55:18.200 [TestNG-test=Chrome-1] Log - URL is opened
[INFO ] 2021-07-05 18:55:18.301 [TestNG-test=Chrome-1] Log - username name enteredmngr337052
[INFO ] 2021-07-05 18:55:18.368 [TestNG-test=Chrome-1] Log - password enteredsajYsy
[INFO ] 2021-07-05 18:55:18.419 [TestNG-test=Chrome-1] Log - Test Passed
[INFO ] 2021-07-05 18:56:36.348 [TestNG-test=Chrome-1] Log - URL is opened
[INFO ] 2021-07-05 18:56:36.441 [TestNG-test=Chrome-1] Log - username name enteredmngr337052
[INFO ] 2021-07-05 18:56:36.497 [TestNG-test=Chrome-1] Log - password enteredsajYsys
[INFO ] 2021-07-05 18:56:37.536 [TestNG-test=Chrome-1] Log - URL is opened
[INFO ] 2021-07-05 18:56:37.590 [TestNG-test=Chrome-1] Log - username name enteredmngr337052
[INFO ] 2021-07-05 18:56:37.633 [TestNG-test=Chrome-1] Log - password enteredsajYsys
[INFO ] 2021-07-05 18:56:38.623 [TestNG-test=Chrome-1] Log - URL is opened
[INFO ] 2021-07-05 18:56:38.673 [TestNG-test=Chrome-1] Log - username name enteredmngr337052
[INFO ] 2021-07-05 18:56:38.715 [TestNG-test=Chrome-1] Log - password enteredsajYsys
[INFO ] 2021-07-05 18:56:39.705 [TestNG-test=Chrome-1] Log - URL is opened
[INFO ] 2021-07-05 18:56:39.752 [TestNG-test=Chrome-1] Log - username name enteredmngr337052
[INFO ] 2021-07-05 18:56:39.799 [TestNG-test=Chrome-1] Log - password enteredsajYsys
[INFO ] 2021-07-05 18:59:25.924 [TestNG-test=Chrome-1] Log - URL is opened
[INFO ] 2021-07-05 18:59:26.047 [TestNG-test=Chrome-1] Log - username name enteredmngr337052
[INFO ] 2021-07-05 18:59:26.102 [TestNG-test=Chrome-1] Log - password enteredsajYsys
[INFO ] 2021-07-05 18:59:27.091 [TestNG-test=Chrome-1] Log - URL is opened
[INFO ] 2021-07-05 18:59:27.148 [TestNG-test=Chrome-1] Log - username name enteredmngr337052
[INFO ] 2021-07-05 18:59:27.191 [TestNG-test=Chrome-1] Log - password enteredsajYsys
[INFO ] 2021-07-05 18:59:28.176 [TestNG-test=Chrome-1] Log - URL is opened
[INFO ] 2021-07-05 18:59:28.226 [TestNG-test=Chrome-1] Log - username name enteredmngr337052
[INFO ] 2021-07-05 18:59:28.273 [TestNG-test=Chrome-1] Log - password enteredsajYsys
[INFO ] 2021-07-05 18:59:29.229 [TestNG-test=Chrome-1] Log - URL is opened
[INFO ] 2021-07-05 18:59:29.278 [TestNG-test=Chrome-1] Log - username name enteredmngr337052
[INFO ] 2021-07-05 18:59:29.323 [TestNG-test=Chrome-1] Log - password enteredsajYsys
