[INFO ] 2021-07-15 11:59:49.888 [main] Log - URL is opened
[INFO ] 2021-07-15 11:59:49.999 [main] Log - username name enteredmngr337052
[INFO ] 2021-07-15 11:59:50.059 [main] Log - password enteredsajYsys
[INFO ] 2021-07-15 11:59:50.110 [main] Log - Test Passed
[INFO ] 2021-07-15 13:08:24.371 [main] Log - URL is opened
[INFO ] 2021-07-15 13:08:24.446 [main] Log - username name enteredmngr337052
[INFO ] 2021-07-15 13:08:24.492 [main] Log - password enteredsajYsys
[INFO ] 2021-07-15 13:08:24.534 [main] Log - Test Passed
[INFO ] 2021-07-15 13:31:29.172 [main] Log - URL is opened
[INFO ] 2021-07-15 13:37:06.938 [main] Log - URL is opened
[INFO ] 2021-07-15 13:38:23.318 [main] Log - URL is opened
[INFO ] 2021-07-15 13:43:01.340 [main] Log - URL is opened
[INFO ] 2021-07-15 13:43:54.815 [main] Log - URL is opened
[INFO ] 2021-07-15 13:44:27.820 [main] Log - URL is opened
[INFO ] 2021-07-15 13:46:52.897 [main] Log - URL is opened
[INFO ] 2021-07-15 13:48:43.157 [main] Log - URL is opened
[INFO ] 2021-07-15 13:48:53.437 [main] Log - username name enteredBilla
[INFO ] 2021-07-15 13:48:58.533 [main] Log - password entered123qwe
[INFO ] 2021-07-15 13:48:58.591 [main] Log - Test Passed
[INFO ] 2021-07-15 13:55:51.081 [main] Log - URL is opened
[INFO ] 2021-07-15 13:55:52.151 [main] Log - username name enteredBilla
[INFO ] 2021-07-15 13:55:52.215 [main] Log - password entered123qwe
[INFO ] 2021-07-15 13:55:52.284 [main] Log - Test Passed
[INFO ] 2021-07-15 13:59:09.242 [main] Log - URL is opened
[INFO ] 2021-07-15 13:59:10.333 [main] Log - username name enteredBilla
[INFO ] 2021-07-15 13:59:10.393 [main] Log - password entered123qwe
[INFO ] 2021-07-15 13:59:10.475 [main] Log - Test Passed
[INFO ] 2021-07-15 15:25:48.412 [main] Log - URL is opened
[INFO ] 2021-07-15 15:25:50.021 [main] Log - username name enteredBilla
[INFO ] 2021-07-15 15:25:50.077 [main] Log - password entered123qwe
[INFO ] 2021-07-15 15:25:50.144 [main] Log - Test Passed
[INFO ] 2021-07-15 15:31:11.051 [main] Log - URL is opened
[INFO ] 2021-07-15 15:31:12.460 [main] Log - username name enteredBilla
[INFO ] 2021-07-15 15:31:12.527 [main] Log - password entered123qwe
[INFO ] 2021-07-15 15:31:12.593 [main] Log - Test Passed
[INFO ] 2021-07-15 15:33:53.177 [main] Log - URL is opened
[INFO ] 2021-07-15 15:33:54.805 [main] Log - username name enteredBilla
[INFO ] 2021-07-15 15:33:54.863 [main] Log - password entered123qwe
[INFO ] 2021-07-15 15:33:54.929 [main] Log - eServicePortal Successfully launched
[INFO ] 2021-07-15 15:47:34.965 [main] Log - URL is opened
[INFO ] 2021-07-15 15:47:36.474 [main] Log - username name enteredBilla
[INFO ] 2021-07-15 15:47:36.536 [main] Log - password entered123qwe
[INFO ] 2021-07-15 15:47:36.603 [main] Log - eServicePortal Successfully launched
[INFO ] 2021-07-15 15:49:17.325 [main] Log - URL is opened
[INFO ] 2021-07-15 15:49:18.901 [main] Log - username name enteredBilla
[INFO ] 2021-07-15 15:49:18.965 [main] Log - password entered123qwe
[INFO ] 2021-07-15 15:49:19.033 [main] Log - eServicePortal Successfully launched
[INFO ] 2021-07-15 15:49:21.628 [main] Log - Create New Application Page opened
[INFO ] 2021-07-15 16:00:43.287 [main] Log - URL is opened
[INFO ] 2021-07-15 16:00:44.567 [main] Log - username name enteredBilla
[INFO ] 2021-07-15 16:00:44.629 [main] Log - password entered123qwe
[INFO ] 2021-07-15 16:00:44.700 [main] Log - eServicePortal Successfully launched
[INFO ] 2021-07-15 16:00:47.065 [main] Log - Create New Application Page opened
[INFO ] 2021-07-15 16:00:48.489 [main] Log - List of services displayed
[INFO ] 2021-07-15 16:09:54.585 [main] Log - URL is opened
[INFO ] 2021-07-15 16:09:56.009 [main] Log - username name enteredBilla
[INFO ] 2021-07-15 16:09:56.078 [main] Log - password entered123qwe
[INFO ] 2021-07-15 16:09:56.147 [main] Log - eServicePortal Successfully launched
[INFO ] 2021-07-15 16:09:58.724 [main] Log - Create New Application Page opened
[INFO ] 2021-07-15 16:09:59.971 [main] Log - List of services displayed
[INFO ] 2021-07-15 16:10:57.693 [main] Log - URL is opened
[INFO ] 2021-07-15 16:10:59.234 [main] Log - username name enteredBilla
[INFO ] 2021-07-15 16:10:59.296 [main] Log - password entered123qwe
[INFO ] 2021-07-15 16:10:59.370 [main] Log - eServicePortal Successfully launched
[INFO ] 2021-07-15 16:11:01.870 [main] Log - Create New Application Page opened
[INFO ] 2021-07-15 16:11:03.166 [main] Log - List of services displayed
[INFO ] 2021-07-15 16:14:16.485 [main] Log - URL is opened
[INFO ] 2021-07-15 16:14:18.042 [main] Log - username name enteredBilla
[INFO ] 2021-07-15 16:14:18.108 [main] Log - password entered123qwe
[INFO ] 2021-07-15 16:14:18.175 [main] Log - eServicePortal Successfully launched
[INFO ] 2021-07-15 16:14:20.952 [main] Log - Create New Application Page opened
[INFO ] 2021-07-15 16:14:22.191 [main] Log - List of services displayed
[INFO ] 2021-07-15 16:16:15.070 [main] Log - URL is opened
[INFO ] 2021-07-15 16:16:16.484 [main] Log - username name enteredBilla
[INFO ] 2021-07-15 16:16:16.545 [main] Log - password entered123qwe
[INFO ] 2021-07-15 16:16:16.614 [main] Log - eServicePortal Successfully launched
[INFO ] 2021-07-15 16:16:19.107 [main] Log - Create New Application Page opened
[INFO ] 2021-07-15 16:16:20.418 [main] Log - List of services displayed
[INFO ] 2021-07-15 16:19:51.936 [main] Log - URL is opened
[INFO ] 2021-07-15 16:19:53.240 [main] Log - username name enteredBilla
[INFO ] 2021-07-15 16:19:53.302 [main] Log - password entered123qwe
[INFO ] 2021-07-15 16:19:53.370 [main] Log - eServicePortal Successfully launched
[INFO ] 2021-07-15 16:19:55.851 [main] Log - Create New Application Page opened
[INFO ] 2021-07-15 16:19:57.104 [main] Log - List of services displayed
[INFO ] 2021-07-15 16:28:52.090 [main] Log - URL is opened
[INFO ] 2021-07-15 16:28:53.626 [main] Log - username name enteredBilla
[INFO ] 2021-07-15 16:28:53.687 [main] Log - password entered123qwe
[INFO ] 2021-07-15 16:28:53.757 [main] Log - eServicePortal Successfully launched
[INFO ] 2021-07-15 16:28:56.423 [main] Log - Create New Application Page opened
[INFO ] 2021-07-15 16:28:57.660 [main] Log - List of services displayed
[INFO ] 2021-07-15 16:29:53.660 [main] Log - URL is opened
[INFO ] 2021-07-15 16:29:55.039 [main] Log - username name enteredBilla
[INFO ] 2021-07-15 16:29:55.103 [main] Log - password entered123qwe
[INFO ] 2021-07-15 16:29:55.174 [main] Log - eServicePortal Successfully launched
[INFO ] 2021-07-15 16:29:57.585 [main] Log - Create New Application Page opened
[INFO ] 2021-07-15 16:29:58.819 [main] Log - List of services displayed
[INFO ] 2021-07-15 16:30:03.862 [main] Log - Construction Plan Approval Page Opens
[INFO ] 2021-07-15 16:32:19.019 [main] Log - URL is opened
[INFO ] 2021-07-15 16:32:20.558 [main] Log - username name enteredBilla
[INFO ] 2021-07-15 16:32:20.624 [main] Log - password entered123qwe
[INFO ] 2021-07-15 16:32:20.695 [main] Log - eServicePortal Successfully launched
[INFO ] 2021-07-15 16:32:23.147 [main] Log - Create New Application Page opened
[INFO ] 2021-07-15 16:32:24.378 [main] Log - List of services displayed
[INFO ] 2021-07-15 16:32:29.464 [main] Log - Construction Plan Approval Page Opens
[INFO ] 2021-07-15 16:35:40.923 [main] Log - URL is opened
[INFO ] 2021-07-15 16:35:42.423 [main] Log - username name enteredBilla
[INFO ] 2021-07-15 16:35:42.485 [main] Log - password entered123qwe
[INFO ] 2021-07-15 16:35:42.554 [main] Log - eServicePortal Successfully launched
[INFO ] 2021-07-15 16:35:45.001 [main] Log - Create New Application Page opened
[INFO ] 2021-07-15 16:35:46.374 [main] Log - List of services displayed
[INFO ] 2021-07-15 16:35:51.468 [main] Log - Construction Plan Approval Option Selected
[INFO ] 2021-07-15 16:35:51.567 [main] Log - Construction Plan Approval Option Selected and Submited
[INFO ] 2021-07-15 16:39:43.559 [main] Log - URL is opened
[INFO ] 2021-07-15 16:39:44.934 [main] Log - username name enteredBilla
[INFO ] 2021-07-15 16:39:44.999 [main] Log - password entered123qwe
[INFO ] 2021-07-15 16:39:45.065 [main] Log - eServicePortal Successfully launched
[INFO ] 2021-07-15 16:39:47.476 [main] Log - Create New Application Page opened
[INFO ] 2021-07-15 16:39:48.715 [main] Log - List of services displayed
[INFO ] 2021-07-15 16:39:53.824 [main] Log - Construction Plan Approval Option Selected
[INFO ] 2021-07-15 16:39:53.903 [main] Log - Construction Plan Approval Option Selected and Submited
[INFO ] 2021-07-15 16:39:54.697 [main] Log - Submitter Name entered
